<?xml version="1.0" encoding="UTF-8"?>
<testsuite xmlns:xsi="http://www.w3.org/2001/XMLSchema-instance" xsi:noNamespaceSchemaLocation="https://maven.apache.org/surefire/maven-surefire-plugin/xsd/surefire-test-report-3.0.xsd" version="3.0" name="com.library.BorrowServiceTest" time="0.965" tests="4" errors="0" skipped="0" failures="0">
  <properties>
[...]
</properties>
  <testcase name="testBorrowBookStudentNotFound" classname="com.library.BorrowServiceTest" time="0.278">
    <system-out><![CDATA[delete from books
]]></system-out>
  </testcase>
  <testcase name="testBorrowBookNotAvailable" classname="com.library.BorrowServiceTest" time="0.237">
    <system-out><![CDATA[delete from books
]]></system-out>
  </testcase>
  <testcase name="testReturnBook" classname="com.library.BorrowServiceTest" time="0.241">
    <system-out><![CDATA[delete from books
]]></system-out>
  </testcase>
  <testcase name="testBorrowBook" classname="com.library.BorrowServiceTest" time="0.201">
    <system-out><![CDATA[delete from books
]]></system-out>
  </testcase>
</testsuite>